# JRE version: OpenJDK Runtime Environment Temurin-21.0.11+10 (21.0.11+10) (build 21.0.11+10-LTS)
# Java VM: OpenJDK 64-Bit Server VM Temurin-21.0.11+10 (21.0.11+10-LTS, mixed mode, sharing, tiered, compressed oops, compressed class ptrs, parallel gc, windows-amd64)
GC Precious Log:
 CardTable entry size: 512
 CPUs: 8 total, 8 available
 Memory: 3899M
 Large Page Support: Disabled
 NUMA Support: Disabled
 Compressed Oops: Enabled (32-bit)
 Alignments: Space 512K, Generation 512K, Heap 2M
 Heap Min Capacity: 100M
 Heap Initial Capacity: 100M
 Heap Max Capacity: 2G
 Pre-touch: Disabled
 Parallel Workers: 8
Heap:
 PSYoungGen      total 6144K, used 5649K [0x00000000d5580000, 0x00000000d5d80000, 0x0000000100000000)
  eden space 5120K, 94% used [0x00000000d5580000,0x00000000d5a34708,0x00000000d5a80000)
  from space 1024K, 81% used [0x00000000d5a80000,0x00000000d5b50000,0x00000000d5b80000)
  to   space 1536K, 0% used [0x00000000d5c00000,0x00000000d5c00000,0x00000000d5d80000)
 ParOldGen       total 93184K, used 93100K [0x0000000080000000, 0x0000000085b00000, 0x00000000d5580000)
  object space 93184K, 99% used [0x0000000080000000,0x0000000085aeb2b0,0x0000000085b00000)
 Metaspace       used 68475K, committed 70080K, reserved 1114112K
  class space    used 7338K, committed 8000K, reserved 1048576K
GC Heap History (20 events):
Event: 6988.745 GC heap before
{Heap before GC invocations=151 (full 3):
 PSYoungGen      total 5632K, used 5435K [0x00000000d5580000, 0x00000000d5d00000, 0x0000000100000000)
  eden space 5120K, 100% used [0x00000000d5580000,0x00000000d5a80000,0x00000000d5a80000)
  from space 512K, 61% used [0x00000000d5c00000,0x00000000d5c4ed80,0x00000000d5c80000)
  to   space 512K, 0% used [0x00000000d5c80000,0x00000000d5c80000,0x00000000d5d00000)
 ParOldGen       total 88576K, used 88322K [0x0000000080000000, 0x0000000085680000, 0x00000000d5580000)
  object space 88576K, 99% used [0x0000000080000000,0x0000000085640bf0,0x0000000085680000)
 Metaspace       used 67949K, committed 69504K, reserved 1114112K
  class space    used 7239K, committed 7936K, reserved 1048576K
}
Event: 6988.746 GC heap after
{Heap after GC invocations=151 (full 3):
 PSYoungGen      total 5632K, used 414K [0x00000000d5580000, 0x00000000d5d00000, 0x0000000100000000)
  eden space 5120K, 0% used [0x00000000d5580000,0x00000000d5580000,0x00000000d5a80000)
  from space 512K, 80% used [0x00000000d5c80000,0x00000000d5ce78d8,0x00000000d5d00000)
  to   space 512K, 0% used [0x00000000d5c00000,0x00000000d5c00000,0x00000000d5c80000)
 ParOldGen       total 88576K, used 88518K [0x0000000080000000, 0x0000000085680000, 0x00000000d5580000)
  object space 88576K, 99% used [0x0000000080000000,0x0000000085671970,0x0000000085680000)
 Metaspace       used 67949K, committed 69504K, reserved 1114112K
  class space    used 7239K, committed 7936K, reserved 1048576K
}
Event: 6988.764 GC heap before
{Heap before GC invocations=152 (full 3):
 PSYoungGen      total 5632K, used 5534K [0x00000000d5580000, 0x00000000d5d00000, 0x0000000100000000)
  eden space 5120K, 100% used [0x00000000d5580000,0x00000000d5a80000,0x00000000d5a80000)
  from space 512K, 80% used [0x00000000d5c80000,0x00000000d5ce78d8,0x00000000d5d00000)
  to   space 512K, 0% used [0x00000000d5c00000,0x00000000d5c00000,0x00000000d5c80000)
 ParOldGen       total 88576K, used 88518K [0x0000000080000000, 0x0000000085680000, 0x00000000d5580000)
  object space 88576K, 99% used [0x0000000080000000,0x0000000085671970,0x0000000085680000)
 Metaspace       used 67949K, committed 69504K, reserved 1114112K
  class space    used 7239K, committed 7936K, reserved 1048576K
}
Event: 6988.765 GC heap after
{Heap after GC invocations=152 (full 3):
 PSYoungGen      total 5632K, used 330K [0x00000000d5580000, 0x00000000d5d00000, 0x0000000100000000)
  eden space 5120K, 0% used [0x00000000d5580000,0x00000000d5580000,0x00000000d5a80000)
  from space 512K, 64% used [0x00000000d5c00000,0x00000000d5c52910,0x00000000d5c80000)
  to   space 512K, 0% used [0x00000000d5c80000,0x00000000d5c80000,0x00000000d5d00000)
 ParOldGen       total 89088K, used 88708K [0x0000000080000000, 0x0000000085700000, 0x00000000d5580000)
  object space 89088K, 99% used [0x0000000080000000,0x00000000856a11a0,0x0000000085700000)
 Metaspace       used 67949K, committed 69504K, reserved 1114112K
  class space    used 7239K, committed 7936K, reserved 1048576K
}
Event: 6988.869 GC heap before
{Heap before GC invocations=153 (full 3):
 PSYoungGen      total 5632K, used 5450K [0x00000000d5580000, 0x00000000d5d00000, 0x0000000100000000)
  eden space 5120K, 100% used [0x00000000d5580000,0x00000000d5a80000,0x00000000d5a80000)
  from space 512K, 64% used [0x00000000d5c00000,0x00000000d5c52910,0x00000000d5c80000)
  to   space 512K, 0% used [0x00000000d5c80000,0x00000000d5c80000,0x00000000d5d00000)
 ParOldGen       total 89088K, used 88708K [0x0000000080000000, 0x0000000085700000, 0x00000000d5580000)
  object space 89088K, 99% used [0x0000000080000000,0x00000000856a11a0,0x0000000085700000)
 Metaspace       used 67949K, committed 69504K, reserved 1114112K
  class space    used 7239K, committed 7936K, reserved 1048576K
}
Event: 6988.871 GC heap after
{Heap after GC invocations=153 (full 3):
 PSYoungGen      total 5632K, used 457K [0x00000000d5580000, 0x00000000d5d00000, 0x0000000100000000)
  eden space 5120K, 0% used [0x00000000d5580000,0x00000000d5580000,0x00000000d5a80000)
  from space 512K, 89% used [0x00000000d5c80000,0x00000000d5cf2418,0x00000000d5d00000)
  to   space 512K, 0% used [0x00000000d5c00000,0x00000000d5c00000,0x00000000d5c80000)
 ParOldGen       total 90112K, used 89724K [0x0000000080000000, 0x0000000085800000, 0x00000000d5580000)
  object space 90112K, 99% used [0x0000000080000000,0x000000008579f000,0x0000000085800000)
 Metaspace       used 67949K, committed 69504K, reserved 1114112K
  class space    used 7239K, committed 7936K, reserved 1048576K
}
Event: 6988.960 GC heap before
{Heap before GC invocations=154 (full 3):
 PSYoungGen      total 5632K, used 5577K [0x00000000d5580000, 0x00000000d5d00000, 0x0000000100000000)
  eden space 5120K, 100% used [0x00000000d5580000,0x00000000d5a80000,0x00000000d5a80000)
  from space 512K, 89% used [0x00000000d5c80000,0x00000000d5cf2418,0x00000000d5d00000)
  to   space 512K, 0% used [0x00000000d5c00000,0x00000000d5c00000,0x00000000d5c80000)
 ParOldGen       total 90112K, used 89724K [0x0000000080000000, 0x0000000085800000, 0x00000000d5580000)
  object space 90112K, 99% used [0x0000000080000000,0x000000008579f000,0x0000000085800000)
 Metaspace       used 67955K, committed 69504K, reserved 1114112K
  class space    used 7239K, committed 7936K, reserved 1048576K
}
Event: 6988.962 GC heap after
{Heap after GC invocations=154 (full 3):
 PSYoungGen      total 5632K, used 501K [0x00000000d5580000, 0x00000000d5d00000, 0x0000000100000000)
  eden space 5120K, 0% used [0x00000000d5580000,0x00000000d5580000,0x00000000d5a80000)
  from space 512K, 98% used [0x00000000d5c00000,0x00000000d5c7d7e0,0x00000000d5c80000)
  to   space 512K, 0% used [0x00000000d5c80000,0x00000000d5c80000,0x00000000d5d00000)
 ParOldGen       total 90112K, used 90023K [0x0000000080000000, 0x0000000085800000, 0x00000000d5580000)
  object space 90112K, 99% used [0x0000000080000000,0x00000000857e9c30,0x0000000085800000)
 Metaspace       used 67955K, committed 69504K, reserved 1114112K
  class space    used 7239K, committed 7936K, reserved 1048576K
}
Event: 6989.001 GC heap before
{Heap before GC invocations=155 (full 3):
 PSYoungGen      total 5632K, used 5621K [0x00000000d5580000, 0x00000000d5d00000, 0x0000000100000000)
  eden space 5120K, 100% used [0x00000000d5580000,0x00000000d5a80000,0x00000000d5a80000)
  from space 512K, 98% used [0x00000000d5c00000,0x00000000d5c7d7e0,0x00000000d5c80000)
  to   space 512K, 0% used [0x00000000d5c80000,0x00000000d5c80000,0x00000000d5d00000)
 ParOldGen       total 90112K, used 90023K [0x0000000080000000, 0x0000000085800000, 0x00000000d5580000)
  object space 90112K, 99% used [0x0000000080000000,0x00000000857e9c30,0x0000000085800000)
 Metaspace       used 67955K, committed 69504K, reserved 1114112K
  class space    used 7239K, committed 7936K, reserved 1048576K
}
Event: 6989.003 GC heap after
{Heap after GC invocations=155 (full 3):
 PSYoungGen      total 5632K, used 376K [0x00000000d5580000, 0x00000000d5d00000, 0x0000000100000000)
  eden space 5120K, 0% used [0x00000000d5580000,0x00000000d5580000,0x00000000d5a80000)
  from space 512K, 73% used [0x00000000d5c80000,0x00000000d5cde2a0,0x00000000d5d00000)
  to   space 1024K, 0% used [0x00000000d5b00000,0x00000000d5b00000,0x00000000d5c00000)
 ParOldGen       total 90624K, used 90440K [0x0000000080000000, 0x0000000085880000, 0x00000000d5580000)
  object space 90624K, 99% used [0x0000000080000000,0x0000000085852338,0x0000000085880000)
 Metaspace       used 67955K, committed 69504K, reserved 1114112K
  class space    used 7239K, committed 7936K, reserved 1048576K
}
Event: 6989.061 GC heap before
{Heap before GC invocations=156 (full 3):
 PSYoungGen      total 5632K, used 5496K [0x00000000d5580000, 0x00000000d5d00000, 0x0000000100000000)
  eden space 5120K, 100% used [0x00000000d5580000,0x00000000d5a80000,0x00000000d5a80000)
  from space 512K, 73% used [0x00000000d5c80000,0x00000000d5cde2a0,0x00000000d5d00000)
  to   space 1024K, 0% used [0x00000000d5b00000,0x00000000d5b00000,0x00000000d5c00000)
 ParOldGen       total 90624K, used 90440K [0x0000000080000000, 0x0000000085880000, 0x00000000d5580000)
  object space 90624K, 99% used [0x0000000080000000,0x0000000085852338,0x0000000085880000)
 Metaspace       used 67955K, committed 69504K, reserved 1114112K
  class space    used 7239K, committed 7936K, reserved 1048576K
}
Event: 6989.064 GC heap after
{Heap after GC invocations=156 (full 3):
 PSYoungGen      total 6144K, used 468K [0x00000000d5580000, 0x00000000d5d00000, 0x0000000100000000)
  eden space 5120K, 0% used [0x00000000d5580000,0x00000000d5580000,0x00000000d5a80000)
  from space 1024K, 45% used [0x00000000d5b00000,0x00000000d5b75258,0x00000000d5c00000)
  to   space 512K, 0% used [0x00000000d5c80000,0x00000000d5c80000,0x00000000d5d00000)
 ParOldGen       total 91136K, used 90675K [0x0000000080000000, 0x0000000085900000, 0x00000000d5580000)
  object space 91136K, 99% used [0x0000000080000000,0x000000008588ce68,0x0000000085900000)
 Metaspace       used 67955K, committed 69504K, reserved 1114112K
  class space    used 7239K, committed 7936K, reserved 1048576K
}
Event: 6989.091 GC heap before
{Heap before GC invocations=157 (full 3):
 PSYoungGen      total 6144K, used 5588K [0x00000000d5580000, 0x00000000d5d00000, 0x0000000100000000)
  eden space 5120K, 100% used [0x00000000d5580000,0x00000000d5a80000,0x00000000d5a80000)
  from space 1024K, 45% used [0x00000000d5b00000,0x00000000d5b75258,0x00000000d5c00000)
  to   space 512K, 0% used [0x00000000d5c80000,0x00000000d5c80000,0x00000000d5d00000)
 ParOldGen       total 91136K, used 90675K [0x0000000080000000, 0x0000000085900000, 0x00000000d5580000)
  object space 91136K, 99% used [0x0000000080000000,0x000000008588ce68,0x0000000085900000)
 Metaspace       used 67955K, committed 69504K, reserved 1114112K
  class space    used 7239K, committed 7936K, reserved 1048576K
}
Event: 6989.092 GC heap after
{Heap after GC invocations=157 (full 3):
 PSYoungGen      total 5632K, used 356K [0x00000000d5580000, 0x00000000d5d00000, 0x0000000100000000)
  eden space 5120K, 0% used [0x00000000d5580000,0x00000000d5580000,0x00000000d5a80000)
  from space 512K, 69% used [0x00000000d5c80000,0x00000000d5cd90b0,0x00000000d5d00000)
  to   space 512K, 0% used [0x00000000d5c00000,0x00000000d5c00000,0x00000000d5c80000)
 ParOldGen       total 91136K, used 91034K [0x0000000080000000, 0x0000000085900000, 0x00000000d5580000)
  object space 91136K, 99% used [0x0000000080000000,0x00000000858e6920,0x0000000085900000)
 Metaspace       used 67955K, committed 69504K, reserved 1114112K
  class space    used 7239K, committed 7936K, reserved 1048576K
}
Event: 6989.144 GC heap before
{Heap before GC invocations=158 (full 3):
 PSYoungGen      total 5632K, used 5476K [0x00000000d5580000, 0x00000000d5d00000, 0x0000000100000000)
  eden space 5120K, 100% used [0x00000000d5580000,0x00000000d5a80000,0x00000000d5a80000)
  from space 512K, 69% used [0x00000000d5c80000,0x00000000d5cd90b0,0x00000000d5d00000)
  to   space 512K, 0% used [0x00000000d5c00000,0x00000000d5c00000,0x00000000d5c80000)
 ParOldGen       total 91136K, used 91034K [0x0000000080000000, 0x0000000085900000, 0x00000000d5580000)
  object space 91136K, 99% used [0x0000000080000000,0x00000000858e6920,0x0000000085900000)
 Metaspace       used 67955K, committed 69504K, reserved 1114112K
  class space    used 7239K, committed 7936K, reserved 1048576K
}
Event: 6989.146 GC heap after
{Heap after GC invocations=158 (full 3):
 PSYoungGen      total 5632K, used 493K [0x00000000d5580000, 0x00000000d5d00000, 0x0000000100000000)
  eden space 5120K, 0% used [0x00000000d5580000,0x00000000d5580000,0x00000000d5a80000)
  from space 512K, 96% used [0x00000000d5c00000,0x00000000d5c7b678,0x00000000d5c80000)
  to   space 512K, 0% used [0x00000000d5c80000,0x00000000d5c80000,0x00000000d5d00000)
 ParOldGen       total 91648K, used 91294K [0x0000000080000000, 0x0000000085980000, 0x00000000d5580000)
  object space 91648K, 99% used [0x0000000080000000,0x0000000085927828,0x0000000085980000)
 Metaspace       used 67955K, committed 69504K, reserved 1114112K
  class space    used 7239K, committed 7936K, reserved 1048576K
}
Event: 6989.296 GC heap before
{Heap before GC invocations=159 (full 3):
 PSYoungGen      total 5632K, used 5613K [0x00000000d5580000, 0x00000000d5d00000, 0x0000000100000000)
  eden space 5120K, 100% used [0x00000000d5580000,0x00000000d5a80000,0x00000000d5a80000)
  from space 512K, 96% used [0x00000000d5c00000,0x00000000d5c7b678,0x00000000d5c80000)
  to   space 512K, 0% used [0x00000000d5c80000,0x00000000d5c80000,0x00000000d5d00000)
 ParOldGen       total 91648K, used 91294K [0x0000000080000000, 0x0000000085980000, 0x00000000d5580000)
  object space 91648K, 99% used [0x0000000080000000,0x0000000085927828,0x0000000085980000)
 Metaspace       used 68008K, committed 69568K, reserved 1114112K
  class space    used 7243K, committed 7936K, reserved 1048576K
}
Event: 6989.301 GC heap after
{Heap after GC invocations=159 (full 3):
 PSYoungGen      total 5632K, used 496K [0x00000000d5580000, 0x00000000d5e80000, 0x0000000100000000)
  eden space 5120K, 0% used [0x00000000d5580000,0x00000000d5580000,0x00000000d5a80000)
  from space 512K, 96% used [0x00000000d5c80000,0x00000000d5cfc010,0x00000000d5d00000)
  to   space 2048K, 0% used [0x00000000d5a80000,0x00000000d5a80000,0x00000000d5c80000)
 ParOldGen       total 92672K, used 92580K [0x0000000080000000, 0x0000000085a80000, 0x00000000d5580000)
  object space 92672K, 99% used [0x0000000080000000,0x0000000085a69250,0x0000000085a80000)
 Metaspace       used 68008K, committed 69568K, reserved 1114112K
  class space    used 7243K, committed 7936K, reserved 1048576K
}
Event: 6989.649 GC heap before
{Heap before GC invocations=160 (full 3):
 PSYoungGen      total 5632K, used 5585K [0x00000000d5580000, 0x00000000d5e80000, 0x0000000100000000)
  eden space 5120K, 99% used [0x00000000d5580000,0x00000000d5a78768,0x00000000d5a80000)
  from space 512K, 96% used [0x00000000d5c80000,0x00000000d5cfc010,0x00000000d5d00000)
  to   space 2048K, 0% used [0x00000000d5a80000,0x00000000d5a80000,0x00000000d5c80000)
 ParOldGen       total 92672K, used 92580K [0x0000000080000000, 0x0000000085a80000, 0x00000000d5580000)
  object space 92672K, 99% used [0x0000000080000000,0x0000000085a69250,0x0000000085a80000)
 Metaspace       used 68134K, committed 69632K, reserved 1114112K
  class space    used 7275K, committed 7936K, reserved 1048576K
}
Event: 6989.656 GC heap after
{Heap after GC invocations=160 (full 3):
 PSYoungGen      total 6144K, used 832K [0x00000000d5580000, 0x00000000d5d80000, 0x0000000100000000)
  eden space 5120K, 0% used [0x00000000d5580000,0x00000000d5580000,0x00000000d5a80000)
  from space 1024K, 81% used [0x00000000d5a80000,0x00000000d5b50000,0x00000000d5b80000)
  to   space 1536K, 0% used [0x00000000d5c00000,0x00000000d5c00000,0x00000000d5d80000)
 ParOldGen       total 93184K, used 93100K [0x0000000080000000, 0x0000000085b00000, 0x00000000d5580000)
  object space 93184K, 99% used [0x0000000080000000,0x0000000085aeb2b0,0x0000000085b00000)
 Metaspace       used 68134K, committed 69632K, reserved 1114112K
  class space    used 7275K, committed 7936K, reserved 1048576K
}

